240624 17:20:44 mysqld_safe Starting mariadbd daemon with databases from /opt/homebrew/var/mysql
2024-06-24 17:20:45 0 [Note] Starting MariaDB 11.4.2-MariaDB source revision 3fca5ed772fb75e3e57c507edef2985f8eba5b12 as process 90717
2024-06-24 17:20:45 0 [Warning] Setting lower_case_table_names=2 because file system for /opt/homebrew/var/mysql/ is case insensitive
2024-06-24 17:20:45 0 [Note] InnoDB: Compressed tables use zlib 1.2.12
2024-06-24 17:20:45 0 [Note] InnoDB: Number of transaction pools: 1
2024-06-24 17:20:45 0 [Note] InnoDB: Using generic crc32 instructions
2024-06-24 17:20:45 0 [Note] InnoDB: Initializing buffer pool, total size = 128.000MiB, chunk size = 2.000MiB
2024-06-24 17:20:45 0 [Note] InnoDB: Completed initialization of buffer pool
2024-06-24 17:20:45 0 [Note] InnoDB: End of log at LSN=47763
2024-06-24 17:20:45 0 [Note] InnoDB: Opened 3 undo tablespaces
2024-06-24 17:20:45 0 [Note] InnoDB: 128 rollback segments in 3 undo tablespaces are active.
2024-06-24 17:20:45 0 [Note] InnoDB: Setting file './ibtmp1' size to 12.000MiB. Physically writing the file full; Please wait ...
2024-06-24 17:20:45 0 [Note] InnoDB: File './ibtmp1' size is now 12.000MiB.
2024-06-24 17:20:45 0 [Note] InnoDB: log sequence number 47763; transaction id 14
2024-06-24 17:20:45 0 [Note] Plugin 'FEEDBACK' is disabled.
2024-06-24 17:20:45 0 [Note] InnoDB: Loading buffer pool(s) from /opt/homebrew/var/mysql/ib_buffer_pool
2024-06-24 17:20:45 0 [Note] Plugin 'wsrep-provider' is disabled.
2024-06-24 17:20:45 0 [Note] InnoDB: Buffer pool(s) load completed at 240624 17:20:45
2024-06-24 17:20:45 0 [Note] Server socket created on IP: '::'.
2024-06-24 17:20:45 0 [Note] Server socket created on IP: '0.0.0.0'.
2024-06-24 17:20:45 0 [Note] mariadbd: Event Scheduler: Loaded 0 events
2024-06-24 17:20:45 0 [Note] /opt/homebrew/opt/mariadb/bin/mariadbd: ready for connections.
Version: '11.4.2-MariaDB'  socket: '/tmp/mysql.sock'  port: 3306  Homebrew
2024-06-24 17:20:54 3 [Warning] Access denied for user 'root'@'localhost'
2024-06-24 17:20:58 4 [Warning] Access denied for user 'root'@'localhost'
2024-06-24 17:21:02 5 [Warning] Access denied for user 'root'@'localhost'
2024-06-24 17:21:04 6 [Warning] Access denied for user 'root'@'localhost'
2024-06-24 17:27:03 9 [Warning] Access denied for user 'parkrootseok'@'localhost'
2024-06-24 17:27:04 10 [Warning] Access denied for user 'parkrootseok'@'localhost'
2024-06-24 17:27:04 11 [Warning] Access denied for user 'parkrootseok'@'localhost'
2024-06-24 17:27:05 12 [Warning] Access denied for user 'parkrootseok'@'localhost'
2024-06-25 15:44:01 336 [Warning] Aborted connection 336 to db: 'ecommerce' user: 'root' host: 'localhost' (Got an error reading communication packets)
2024-06-26 20:05:47 429 [Warning] Aborted connection 429 to db: 'unconnected' user: 'root' host: 'localhost' (Got timeout reading communication packets)
2024-06-28 20:06:03 0 [Note] /opt/homebrew/opt/mariadb/bin/mariadbd (initiated by: unknown): Normal shutdown
2024-06-28 20:06:03 0 [Note] InnoDB: FTS optimize thread exiting.
2024-06-28 20:06:03 0 [Note] InnoDB: Starting shutdown...
2024-06-28 20:06:03 0 [Note] InnoDB: Dumping buffer pool(s) to /opt/homebrew/var/mysql/ib_buffer_pool
2024-06-28 20:06:03 0 [Note] InnoDB: Buffer pool(s) dump completed at 240628 20:06:03
2024-06-28 20:06:04 0 [Note] InnoDB: Removed temporary tablespace data file: "./ibtmp1"
2024-06-28 20:06:04 0 [Note] InnoDB: Shutdown completed; log sequence number 99548; transaction id 131
2024-06-28 20:06:04 0 [Note] /opt/homebrew/opt/mariadb/bin/mariadbd: Shutdown complete

240628 20:06:45 mysqld_safe Starting mariadbd daemon with databases from /opt/homebrew/var/mysql
2024-06-28 20:06:46 0 [Note] Starting MariaDB 11.4.2-MariaDB source revision 3fca5ed772fb75e3e57c507edef2985f8eba5b12 as process 876
2024-06-28 20:06:46 0 [Warning] Setting lower_case_table_names=2 because file system for /opt/homebrew/var/mysql/ is case insensitive
2024-06-28 20:06:46 0 [Note] InnoDB: Compressed tables use zlib 1.2.12
2024-06-28 20:06:46 0 [Note] InnoDB: Number of transaction pools: 1
2024-06-28 20:06:46 0 [Note] InnoDB: Using generic crc32 instructions
2024-06-28 20:06:46 0 [Note] InnoDB: Initializing buffer pool, total size = 128.000MiB, chunk size = 2.000MiB
2024-06-28 20:06:46 0 [Note] InnoDB: Completed initialization of buffer pool
2024-06-28 20:06:46 0 [Note] InnoDB: End of log at LSN=99548
2024-06-28 20:06:46 0 [Note] InnoDB: Opened 3 undo tablespaces
2024-06-28 20:06:46 0 [Note] InnoDB: 128 rollback segments in 3 undo tablespaces are active.
2024-06-28 20:06:46 0 [Note] InnoDB: Setting file './ibtmp1' size to 12.000MiB. Physically writing the file full; Please wait ...
2024-06-28 20:06:46 0 [Note] InnoDB: File './ibtmp1' size is now 12.000MiB.
2024-06-28 20:06:46 0 [Note] InnoDB: log sequence number 99548; transaction id 132
2024-06-28 20:06:46 0 [Note] Plugin 'FEEDBACK' is disabled.
2024-06-28 20:06:46 0 [Note] Plugin 'wsrep-provider' is disabled.
2024-06-28 20:06:46 0 [Note] InnoDB: Loading buffer pool(s) from /opt/homebrew/var/mysql/ib_buffer_pool
2024-06-28 20:06:46 0 [Note] InnoDB: Buffer pool(s) load completed at 240628 20:06:46
2024-06-28 20:06:47 0 [Note] Server socket created on IP: '::'.
2024-06-28 20:06:47 0 [Note] Server socket created on IP: '0.0.0.0'.
2024-06-28 20:06:47 0 [Note] mariadbd: Event Scheduler: Loaded 0 events
2024-06-28 20:06:47 0 [Note] /opt/homebrew/opt/mariadb/bin/mariadbd: ready for connections.
Version: '11.4.2-MariaDB'  socket: '/tmp/mysql.sock'  port: 3306  Homebrew
2024-06-30 20:56:14 0 [Note] /opt/homebrew/opt/mariadb/bin/mariadbd (initiated by: unknown): Normal shutdown
2024-06-30 20:56:14 0 [Note] InnoDB: FTS optimize thread exiting.
2024-06-30 20:56:14 0 [Note] InnoDB: Starting shutdown...
2024-06-30 20:56:14 0 [Note] InnoDB: Dumping buffer pool(s) to /opt/homebrew/var/mysql/ib_buffer_pool
2024-06-30 20:56:14 0 [Note] InnoDB: Buffer pool(s) dump completed at 240630 20:56:14
2024-06-30 20:56:14 0 [Note] InnoDB: Removed temporary tablespace data file: "./ibtmp1"
2024-06-30 20:56:14 0 [Note] InnoDB: Shutdown completed; log sequence number 99548; transaction id 133
2024-06-30 20:56:14 0 [Note] /opt/homebrew/opt/mariadb/bin/mariadbd: Shutdown complete

